主节点: gpu13
每个节点的GPU数量: 8
score_stylegan is 355.64361572265625

Sender: Unischeduler System <xdu23171214541@login01>
Subject: Job 10061: </public/home/xdu23171214541/.jhjobs/1751286766.10061.1.shell> Done

Job </public/home/xdu23171214541/.jhjobs/1751286766.10061.1.shell> was submitted from host <login01> by user <xdu23171214541>.
Job was executed on host(s) <64*gpu13>, in queue <gpu_6000ada>, as user <xdu23171214541>.
</public/home/xdu23171214541> was used as the home directory.
</public/home/xdu23171214541/dits/Latte/tools/FVD-main> was used as the working directory.
Started at 2025-06-30 20:32:46
Results reported at 2025-06-30 20:40:49

Your job looked like:

------------------------------------------------------------
# User input
/public/home/xdu23171214541/.jhjobs/1751286766.10061.1.shell
------------------------------------------------------------

Successfully completed.

Resource usage summary:

		CPU time:       4149.23 sec.
		Max Memory:     57 GB
		Max Processes:  3


