主节点: gpu13
每个节点的GPU数量: 8

Sender: Unischeduler System <xdu23171214541@login01>
Subject: Job 9612: </public/home/xdu23171214541/.jhjobs/1750871025.9612.1.shell> Exited

Job </public/home/xdu23171214541/.jhjobs/1750871025.9612.1.shell> was submitted from host <login01> by user <xdu23171214541>.
Job was executed on host(s) <64*gpu13>, in queue <gpu_6000ada>, as user <xdu23171214541>.
</public/home/xdu23171214541> was used as the home directory.
</public/home/xdu23171214541/dits/Latte/tools/FVD-main> was used as the working directory.
Started at 2025-06-26 01:03:45
Results reported at 2025-06-26 01:04:57

Your job looked like:

------------------------------------------------------------
# User input
/public/home/xdu23171214541/.jhjobs/1750871025.9612.1.shell
------------------------------------------------------------

Exited with exit code 1.

Resource usage summary:

		CPU time:       241.76 sec.
		Max Memory:     2.2 GB
		Max Processes:  3


