主节点: gpu14
每个节点的GPU数量: 8
188.66331

Sender: Unischeduler System <xdu23171214541@login01>
Subject: Job 9615: </public/home/xdu23171214541/.jhjobs/1750871757.9615.1.shell> Done

Job </public/home/xdu23171214541/.jhjobs/1750871757.9615.1.shell> was submitted from host <login01> by user <xdu23171214541>.
Job was executed on host(s) <64*gpu14>, in queue <gpu_6000ada>, as user <xdu23171214541>.
</public/home/xdu23171214541> was used as the home directory.
</public/home/xdu23171214541/dits/Latte/tools/FVD-main> was used as the working directory.
Started at 2025-06-26 01:15:57
Results reported at 2025-06-26 01:19:40

Your job looked like:

------------------------------------------------------------
# User input
/public/home/xdu23171214541/.jhjobs/1750871757.9615.1.shell
------------------------------------------------------------

Successfully completed.

Resource usage summary:

		CPU time:       3357.18 sec.
		Max Memory:     50 GB
		Max Processes:  3


