主节点: gpu13
每个节点的GPU数量: 8
================================================================================
FVD 结果: 0.0000
解释: 视频内容几乎完全相同（可能计算有误）
================================================================================

Sender: Unischeduler System <xdu23171214541@login01>
Subject: Job 10075: </public/home/xdu23171214541/.jhjobs/1751290019.10075.1.shell> Done

Job </public/home/xdu23171214541/.jhjobs/1751290019.10075.1.shell> was submitted from host <login01> by user <xdu23171214541>.
Job was executed on host(s) <64*gpu13>, in queue <gpu_6000ada>, as user <xdu23171214541>.
</public/home/xdu23171214541> was used as the home directory.
</public/home/xdu23171214541/dits/Latte/tools/common_metrics_on_video_quality> was used as the working directory.
Started at 2025-06-30 21:26:59
Results reported at 2025-06-30 21:27:26

Your job looked like:

------------------------------------------------------------
# User input
/public/home/xdu23171214541/.jhjobs/1751290019.10075.1.shell
------------------------------------------------------------

Successfully completed.

Resource usage summary:

		CPU time:       131.92 sec.
		Max Memory:     4.2 GB
		Max Processes:  3


