主节点: gpu14
每个节点的GPU数量: 8
================================================================================
FVD 结果: 0.0000
解释: 视频内容几乎完全相同（可能计算有误）
================================================================================

Sender: Unischeduler System <xdu23171214541@login01>
Subject: Job 9607: </public/home/xdu23171214541/.jhjobs/1750870385.9607.1.shell> Done

Job </public/home/xdu23171214541/.jhjobs/1750870385.9607.1.shell> was submitted from host <login01> by user <xdu23171214541>.
Job was executed on host(s) <64*gpu14>, in queue <gpu_6000ada>, as user <xdu23171214541>.
</public/home/xdu23171214541> was used as the home directory.
</public/home/xdu23171214541/dits/Latte/tools/common_metrics_on_video_quality> was used as the working directory.
Started at 2025-06-26 00:53:05
Results reported at 2025-06-26 00:53:32

Your job looked like:

------------------------------------------------------------
# User input
/public/home/xdu23171214541/.jhjobs/1750870385.9607.1.shell
------------------------------------------------------------

Successfully completed.

Resource usage summary:

		CPU time:       144.08 sec.
		Max Memory:     4.1 GB
		Max Processes:  3


